mkdir -p objs/util/ objs/util/json/ objs/anim/ objs/sim/ objs/render/ objs/render/lodepng/ objs/scenes/ objs/scenes/arm/ objs/scenes/particle/ objs/scenes/pendulum/
clang++ -c -g -std=c++11 -O3 -Wall -fPIC  -I./ -I/home/badzindagi/dev/eigen -I/usr/local/include/bullet -I/home/badzindagi/dev/bullet3/build_cmake/src -o objs/Main.o Main.cpp
clang++ -c -g -std=c++11 -O3 -Wall -fPIC  -I./ -I/home/badzindagi/dev/eigen -I/usr/local/include/bullet -I/home/badzindagi/dev/bullet3/build_cmake/src -o objs/DeepMimicCore.o DeepMimicCore.cpp
clang++ -c -g -std=c++11 -O3 -Wall -fPIC  -I./ -I/home/badzindagi/dev/eigen -I/usr/local/include/bullet -I/home/badzindagi/dev/bullet3/build_cmake/src -o objs/util/IndexManager.o util/IndexManager.cpp
clang++ -c -g -std=c++11 -O3 -Wall -fPIC  -I./ -I/home/badzindagi/dev/eigen -I/usr/local/include/bullet -I/home/badzindagi/dev/bullet3/build_cmake/src -o objs/util/Timer.o util/Timer.cpp
clang++ -c -g -std=c++11 -O3 -Wall -fPIC  -I./ -I/home/badzindagi/dev/eigen -I/usr/local/include/bullet -I/home/badzindagi/dev/bullet3/build_cmake/src -o objs/util/Annealer.o util/Annealer.cpp
clang++ -c -g -std=c++11 -O3 -Wall -fPIC  -I./ -I/home/badzindagi/dev/eigen -I/usr/local/include/bullet -I/home/badzindagi/dev/bullet3/build_cmake/src -o objs/util/ArgParser.o util/ArgParser.cpp
clang++ -c -g -std=c++11 -O3 -Wall -fPIC  -I./ -I/home/badzindagi/dev/eigen -I/usr/local/include/bullet -I/home/badzindagi/dev/bullet3/build_cmake/src -o objs/util/Trajectory.o util/Trajectory.cpp
clang++ -c -g -std=c++11 -O3 -Wall -fPIC  -I./ -I/home/badzindagi/dev/eigen -I/usr/local/include/bullet -I/home/badzindagi/dev/bullet3/build_cmake/src -o objs/util/Rand.o util/Rand.cpp
clang++ -c -g -std=c++11 -O3 -Wall -fPIC  -I./ -I/home/badzindagi/dev/eigen -I/usr/local/include/bullet -I/home/badzindagi/dev/bullet3/build_cmake/src -o objs/util/MathUtil.o util/MathUtil.cpp
clang++ -c -g -std=c++11 -O3 -Wall -fPIC  -I./ -I/home/badzindagi/dev/eigen -I/usr/local/include/bullet -I/home/badzindagi/dev/bullet3/build_cmake/src -o objs/util/FileUtil.o util/FileUtil.cpp
clang++ -c -g -std=c++11 -O3 -Wall -fPIC  -I./ -I/home/badzindagi/dev/eigen -I/usr/local/include/bullet -I/home/badzindagi/dev/bullet3/build_cmake/src -o objs/util/JsonUtil.o util/JsonUtil.cpp
clang++ -c -g -std=c++11 -O3 -Wall -fPIC  -I./ -I/home/badzindagi/dev/eigen -I/usr/local/include/bullet -I/home/badzindagi/dev/bullet3/build_cmake/src -o objs/util/BVHReader.o util/BVHReader.cpp
clang++ -c -g -std=c++11 -O3 -Wall -fPIC  -I./ -I/home/badzindagi/dev/eigen -I/usr/local/include/bullet -I/home/badzindagi/dev/bullet3/build_cmake/src -o objs/util/json/json_value.o util/json/json_value.cpp
clang++ -c -g -std=c++11 -O3 -Wall -fPIC  -I./ -I/home/badzindagi/dev/eigen -I/usr/local/include/bullet -I/home/badzindagi/dev/bullet3/build_cmake/src -o objs/util/json/json_reader.o util/json/json_reader.cpp
clang++ -c -g -std=c++11 -O3 -Wall -fPIC  -I./ -I/home/badzindagi/dev/eigen -I/usr/local/include/bullet -I/home/badzindagi/dev/bullet3/build_cmake/src -o objs/util/json/json_writer.o util/json/json_writer.cpp
clang++ -c -g -std=c++11 -O3 -Wall -fPIC  -I./ -I/home/badzindagi/dev/eigen -I/usr/local/include/bullet -I/home/badzindagi/dev/bullet3/build_cmake/src -o objs/anim/Shape.o anim/Shape.cpp
clang++ -c -g -std=c++11 -O3 -Wall -fPIC  -I./ -I/home/badzindagi/dev/eigen -I/usr/local/include/bullet -I/home/badzindagi/dev/bullet3/build_cmake/src -o objs/anim/KinTree.o anim/KinTree.cpp
clang++ -c -g -std=c++11 -O3 -Wall -fPIC  -I./ -I/home/badzindagi/dev/eigen -I/usr/local/include/bullet -I/home/badzindagi/dev/bullet3/build_cmake/src -o objs/anim/Character.o anim/Character.cpp
clang++ -c -g -std=c++11 -O3 -Wall -fPIC  -I./ -I/home/badzindagi/dev/eigen -I/usr/local/include/bullet -I/home/badzindagi/dev/bullet3/build_cmake/src -o objs/anim/KinCharacter.o anim/KinCharacter.cpp
clang++ -c -g -std=c++11 -O3 -Wall -fPIC  -I./ -I/home/badzindagi/dev/eigen -I/usr/local/include/bullet -I/home/badzindagi/dev/bullet3/build_cmake/src -o objs/anim/Motion.o anim/Motion.cpp
clang++ -c -g -std=c++11 -O3 -Wall -fPIC  -I./ -I/home/badzindagi/dev/eigen -I/usr/local/include/bullet -I/home/badzindagi/dev/bullet3/build_cmake/src -o objs/sim/ExpPDController.o sim/ExpPDController.cpp
clang++ -c -g -std=c++11 -O3 -Wall -fPIC  -I./ -I/home/badzindagi/dev/eigen -I/usr/local/include/bullet -I/home/badzindagi/dev/bullet3/build_cmake/src -o objs/sim/CtController.o sim/CtController.cpp
clang++ -c -g -std=c++11 -O3 -Wall -fPIC  -I./ -I/home/badzindagi/dev/eigen -I/usr/local/include/bullet -I/home/badzindagi/dev/bullet3/build_cmake/src -o objs/sim/Controller.o sim/Controller.cpp
clang++ -c -g -std=c++11 -O3 -Wall -fPIC  -I./ -I/home/badzindagi/dev/eigen -I/usr/local/include/bullet -I/home/badzindagi/dev/bullet3/build_cmake/src -o objs/sim/ImpPDController.o sim/ImpPDController.cpp
clang++ -c -g -std=c++11 -O3 -Wall -fPIC  -I./ -I/home/badzindagi/dev/eigen -I/usr/local/include/bullet -I/home/badzindagi/dev/bullet3/build_cmake/src -o objs/sim/SimObj.o sim/SimObj.cpp
clang++ -c -g -std=c++11 -O3 -Wall -fPIC  -I./ -I/home/badzindagi/dev/eigen -I/usr/local/include/bullet -I/home/badzindagi/dev/bullet3/build_cmake/src -o objs/sim/PerturbManager.o sim/PerturbManager.cpp
clang++ -c -g -std=c++11 -O3 -Wall -fPIC  -I./ -I/home/badzindagi/dev/eigen -I/usr/local/include/bullet -I/home/badzindagi/dev/bullet3/build_cmake/src -o objs/sim/RBDUtil.o sim/RBDUtil.cpp
clang++ -c -g -std=c++11 -O3 -Wall -fPIC  -I./ -I/home/badzindagi/dev/eigen -I/usr/local/include/bullet -I/home/badzindagi/dev/bullet3/build_cmake/src -o objs/sim/SimBox.o sim/SimBox.cpp
clang++ -c -g -std=c++11 -O3 -Wall -fPIC  -I./ -I/home/badzindagi/dev/eigen -I/usr/local/include/bullet -I/home/badzindagi/dev/bullet3/build_cmake/src -o objs/sim/SpAlg.o sim/SpAlg.cpp
clang++ -c -g -std=c++11 -O3 -Wall -fPIC  -I./ -I/home/badzindagi/dev/eigen -I/usr/local/include/bullet -I/home/badzindagi/dev/bullet3/build_cmake/src -o objs/sim/SimCapsule.o sim/SimCapsule.cpp
clang++ -c -g -std=c++11 -O3 -Wall -fPIC  -I./ -I/home/badzindagi/dev/eigen -I/usr/local/include/bullet -I/home/badzindagi/dev/bullet3/build_cmake/src -o objs/sim/CharController.o sim/CharController.cpp
clang++ -c -g -std=c++11 -O3 -Wall -fPIC  -I./ -I/home/badzindagi/dev/eigen -I/usr/local/include/bullet -I/home/badzindagi/dev/bullet3/build_cmake/src -o objs/sim/SimBodyLink.o sim/SimBodyLink.cpp
clang++ -c -g -std=c++11 -O3 -Wall -fPIC  -I./ -I/home/badzindagi/dev/eigen -I/usr/local/include/bullet -I/home/badzindagi/dev/bullet3/build_cmake/src -o objs/sim/GroundPlane.o sim/GroundPlane.cpp
clang++ -c -g -std=c++11 -O3 -Wall -fPIC  -I./ -I/home/badzindagi/dev/eigen -I/usr/local/include/bullet -I/home/badzindagi/dev/bullet3/build_cmake/src -o objs/sim/DeepMimicCharController.o sim/DeepMimicCharController.cpp
clang++ -c -g -std=c++11 -O3 -Wall -fPIC  -I./ -I/home/badzindagi/dev/eigen -I/usr/local/include/bullet -I/home/badzindagi/dev/bullet3/build_cmake/src -o objs/sim/CtCtrlUtil.o sim/CtCtrlUtil.cpp
clang++ -c -g -std=c++11 -O3 -Wall -fPIC  -I./ -I/home/badzindagi/dev/eigen -I/usr/local/include/bullet -I/home/badzindagi/dev/bullet3/build_cmake/src -o objs/sim/SimCharBuilder.o sim/SimCharBuilder.cpp
clang++ -c -g -std=c++11 -O3 -Wall -fPIC  -I./ -I/home/badzindagi/dev/eigen -I/usr/local/include/bullet -I/home/badzindagi/dev/bullet3/build_cmake/src -o objs/sim/CtVelController.o sim/CtVelController.cpp
clang++ -c -g -std=c++11 -O3 -Wall -fPIC  -I./ -I/home/badzindagi/dev/eigen -I/usr/local/include/bullet -I/home/badzindagi/dev/bullet3/build_cmake/src -o objs/sim/AgentRegistry.o sim/AgentRegistry.cpp
clang++ -c -g -std=c++11 -O3 -Wall -fPIC  -I./ -I/home/badzindagi/dev/eigen -I/usr/local/include/bullet -I/home/badzindagi/dev/bullet3/build_cmake/src -o objs/sim/SimSphere.o sim/SimSphere.cpp
clang++ -c -g -std=c++11 -O3 -Wall -fPIC  -I./ -I/home/badzindagi/dev/eigen -I/usr/local/include/bullet -I/home/badzindagi/dev/bullet3/build_cmake/src -o objs/sim/ObjTracer.o sim/ObjTracer.cpp
clang++ -c -g -std=c++11 -O3 -Wall -fPIC  -I./ -I/home/badzindagi/dev/eigen -I/usr/local/include/bullet -I/home/badzindagi/dev/bullet3/build_cmake/src -o objs/sim/CtPDController.o sim/CtPDController.cpp
clang++ -c -g -std=c++11 -O3 -Wall -fPIC  -I./ -I/home/badzindagi/dev/eigen -I/usr/local/include/bullet -I/home/badzindagi/dev/bullet3/build_cmake/src -o objs/sim/SimPlane.o sim/SimPlane.cpp
clang++ -c -g -std=c++11 -O3 -Wall -fPIC  -I./ -I/home/badzindagi/dev/eigen -I/usr/local/include/bullet -I/home/badzindagi/dev/bullet3/build_cmake/src -o objs/sim/SimBodyJoint.o sim/SimBodyJoint.cpp
clang++ -c -g -std=c++11 -O3 -Wall -fPIC  -I./ -I/home/badzindagi/dev/eigen -I/usr/local/include/bullet -I/home/badzindagi/dev/bullet3/build_cmake/src -o objs/sim/GroundBuilder.o sim/GroundBuilder.cpp
clang++ -c -g -std=c++11 -O3 -Wall -fPIC  -I./ -I/home/badzindagi/dev/eigen -I/usr/local/include/bullet -I/home/badzindagi/dev/bullet3/build_cmake/src -o objs/sim/World.o sim/World.cpp
clang++ -c -g -std=c++11 -O3 -Wall -fPIC  -I./ -I/home/badzindagi/dev/eigen -I/usr/local/include/bullet -I/home/badzindagi/dev/bullet3/build_cmake/src -o objs/sim/SimRigidBody.o sim/SimRigidBody.cpp
clang++ -c -g -std=c++11 -O3 -Wall -fPIC  -I./ -I/home/badzindagi/dev/eigen -I/usr/local/include/bullet -I/home/badzindagi/dev/bullet3/build_cmake/src -o objs/sim/MultiBody.o sim/MultiBody.cpp
clang++ -c -g -std=c++11 -O3 -Wall -fPIC  -I./ -I/home/badzindagi/dev/eigen -I/usr/local/include/bullet -I/home/badzindagi/dev/bullet3/build_cmake/src -o objs/sim/SimCharacter.o sim/SimCharacter.cpp
clang++ -c -g -std=c++11 -O3 -Wall -fPIC  -I./ -I/home/badzindagi/dev/eigen -I/usr/local/include/bullet -I/home/badzindagi/dev/bullet3/build_cmake/src -o objs/sim/PDController.o sim/PDController.cpp
clang++ -c -g -std=c++11 -O3 -Wall -fPIC  -I./ -I/home/badzindagi/dev/eigen -I/usr/local/include/bullet -I/home/badzindagi/dev/bullet3/build_cmake/src -o objs/sim/ContactManager.o sim/ContactManager.cpp
clang++ -c -g -std=c++11 -O3 -Wall -fPIC  -I./ -I/home/badzindagi/dev/eigen -I/usr/local/include/bullet -I/home/badzindagi/dev/bullet3/build_cmake/src -o objs/sim/CtrlBuilder.o sim/CtrlBuilder.cpp
clang++ -c -g -std=c++11 -O3 -Wall -fPIC  -I./ -I/home/badzindagi/dev/eigen -I/usr/local/include/bullet -I/home/badzindagi/dev/bullet3/build_cmake/src -o objs/sim/SimCylinder.o sim/SimCylinder.cpp
clang++ -c -g -std=c++11 -O3 -Wall -fPIC  -I./ -I/home/badzindagi/dev/eigen -I/usr/local/include/bullet -I/home/badzindagi/dev/bullet3/build_cmake/src -o objs/sim/SimJoint.o sim/SimJoint.cpp
clang++ -c -g -std=c++11 -O3 -Wall -fPIC  -I./ -I/home/badzindagi/dev/eigen -I/usr/local/include/bullet -I/home/badzindagi/dev/bullet3/build_cmake/src -o objs/sim/Ground.o sim/Ground.cpp
clang++ -c -g -std=c++11 -O3 -Wall -fPIC  -I./ -I/home/badzindagi/dev/eigen -I/usr/local/include/bullet -I/home/badzindagi/dev/bullet3/build_cmake/src -o objs/sim/RBDModel.o sim/RBDModel.cpp
clang++ -c -g -std=c++11 -O3 -Wall -fPIC  -I./ -I/home/badzindagi/dev/eigen -I/usr/local/include/bullet -I/home/badzindagi/dev/bullet3/build_cmake/src -o objs/sim/SimCharGeneral.o sim/SimCharGeneral.cpp
clang++ -c -g -std=c++11 -O3 -Wall -fPIC  -I./ -I/home/badzindagi/dev/eigen -I/usr/local/include/bullet -I/home/badzindagi/dev/bullet3/build_cmake/src -o objs/sim/Perturb.o sim/Perturb.cpp
clang++ -c -g -std=c++11 -O3 -Wall -fPIC  -I./ -I/home/badzindagi/dev/eigen -I/usr/local/include/bullet -I/home/badzindagi/dev/bullet3/build_cmake/src -o objs/render/DrawSimCharacter.o render/DrawSimCharacter.cpp
clang++ -c -g -std=c++11 -O3 -Wall -fPIC  -I./ -I/home/badzindagi/dev/eigen -I/usr/local/include/bullet -I/home/badzindagi/dev/bullet3/build_cmake/src -o objs/render/DrawMesh.o render/DrawMesh.cpp
clang++ -c -g -std=c++11 -O3 -Wall -fPIC  -I./ -I/home/badzindagi/dev/eigen -I/usr/local/include/bullet -I/home/badzindagi/dev/bullet3/build_cmake/src -o objs/render/DrawPerturb.o render/DrawPerturb.cpp
clang++ -c -g -std=c++11 -O3 -Wall -fPIC  -I./ -I/home/badzindagi/dev/eigen -I/usr/local/include/bullet -I/home/badzindagi/dev/bullet3/build_cmake/src -o objs/render/GraphUtil.o render/GraphUtil.cpp
clang++ -c -g -std=c++11 -O3 -Wall -fPIC  -I./ -I/home/badzindagi/dev/eigen -I/usr/local/include/bullet -I/home/badzindagi/dev/bullet3/build_cmake/src -o objs/render/DrawCharacter.o render/DrawCharacter.cpp
clang++ -c -g -std=c++11 -O3 -Wall -fPIC  -I./ -I/home/badzindagi/dev/eigen -I/usr/local/include/bullet -I/home/badzindagi/dev/bullet3/build_cmake/src -o objs/render/VertexBuffer.o render/VertexBuffer.cpp
clang++ -c -g -std=c++11 -O3 -Wall -fPIC  -I./ -I/home/badzindagi/dev/eigen -I/usr/local/include/bullet -I/home/badzindagi/dev/bullet3/build_cmake/src -o objs/render/TextureDesc.o render/TextureDesc.cpp
clang++ -c -g -std=c++11 -O3 -Wall -fPIC  -I./ -I/home/badzindagi/dev/eigen -I/usr/local/include/bullet -I/home/badzindagi/dev/bullet3/build_cmake/src -o objs/render/Camera.o render/Camera.cpp
clang++ -c -g -std=c++11 -O3 -Wall -fPIC  -I./ -I/home/badzindagi/dev/eigen -I/usr/local/include/bullet -I/home/badzindagi/dev/bullet3/build_cmake/src -o objs/render/DrawObj.o render/DrawObj.cpp
clang++ -c -g -std=c++11 -O3 -Wall -fPIC  -I./ -I/home/badzindagi/dev/eigen -I/usr/local/include/bullet -I/home/badzindagi/dev/bullet3/build_cmake/src -o objs/render/MeshUtil.o render/MeshUtil.cpp
clang++ -c -g -std=c++11 -O3 -Wall -fPIC  -I./ -I/home/badzindagi/dev/eigen -I/usr/local/include/bullet -I/home/badzindagi/dev/bullet3/build_cmake/src -o objs/render/DrawKinTree.o render/DrawKinTree.cpp
clang++ -c -g -std=c++11 -O3 -Wall -fPIC  -I./ -I/home/badzindagi/dev/eigen -I/usr/local/include/bullet -I/home/badzindagi/dev/bullet3/build_cmake/src -o objs/render/TextureUtil.o render/TextureUtil.cpp
clang++ -c -g -std=c++11 -O3 -Wall -fPIC  -I./ -I/home/badzindagi/dev/eigen -I/usr/local/include/bullet -I/home/badzindagi/dev/bullet3/build_cmake/src -o objs/render/IBuffer.o render/IBuffer.cpp
clang++ -c -g -std=c++11 -O3 -Wall -fPIC  -I./ -I/home/badzindagi/dev/eigen -I/usr/local/include/bullet -I/home/badzindagi/dev/bullet3/build_cmake/src -o objs/render/Shader.o render/Shader.cpp
clang++ -c -g -std=c++11 -O3 -Wall -fPIC  -I./ -I/home/badzindagi/dev/eigen -I/usr/local/include/bullet -I/home/badzindagi/dev/bullet3/build_cmake/src -o objs/render/DrawUtil.o render/DrawUtil.cpp
clang++ -c -g -std=c++11 -O3 -Wall -fPIC  -I./ -I/home/badzindagi/dev/eigen -I/usr/local/include/bullet -I/home/badzindagi/dev/bullet3/build_cmake/src -o objs/render/DrawWorld.o render/DrawWorld.cpp
clang++ -c -g -std=c++11 -O3 -Wall -fPIC  -I./ -I/home/badzindagi/dev/eigen -I/usr/local/include/bullet -I/home/badzindagi/dev/bullet3/build_cmake/src -o objs/render/ShadowMap.o render/ShadowMap.cpp
clang++ -c -g -std=c++11 -O3 -Wall -fPIC  -I./ -I/home/badzindagi/dev/eigen -I/usr/local/include/bullet -I/home/badzindagi/dev/bullet3/build_cmake/src -o objs/render/MatrixStack.o render/MatrixStack.cpp
clang++ -c -g -std=c++11 -O3 -Wall -fPIC  -I./ -I/home/badzindagi/dev/eigen -I/usr/local/include/bullet -I/home/badzindagi/dev/bullet3/build_cmake/src -o objs/render/DrawGround.o render/DrawGround.cpp
clang++ -c -g -std=c++11 -O3 -Wall -fPIC  -I./ -I/home/badzindagi/dev/eigen -I/usr/local/include/bullet -I/home/badzindagi/dev/bullet3/build_cmake/src -o objs/render/lodepng/lodepng_util.o render/lodepng/lodepng_util.cpp
clang++ -c -g -std=c++11 -O3 -Wall -fPIC  -I./ -I/home/badzindagi/dev/eigen -I/usr/local/include/bullet -I/home/badzindagi/dev/bullet3/build_cmake/src -o objs/render/lodepng/lodepng.o render/lodepng/lodepng.cpp
clang++ -c -g -std=c++11 -O3 -Wall -fPIC  -I./ -I/home/badzindagi/dev/eigen -I/usr/local/include/bullet -I/home/badzindagi/dev/bullet3/build_cmake/src -o objs/scenes/DrawSceneSimChar.o scenes/DrawSceneSimChar.cpp
clang++ -c -g -std=c++11 -O3 -Wall -fPIC  -I./ -I/home/badzindagi/dev/eigen -I/usr/local/include/bullet -I/home/badzindagi/dev/bullet3/build_cmake/src -o objs/scenes/SceneImitate.o scenes/SceneImitate.cpp
clang++ -c -g -std=c++11 -O3 -Wall -fPIC  -I./ -I/home/badzindagi/dev/eigen -I/usr/local/include/bullet -I/home/badzindagi/dev/bullet3/build_cmake/src -o objs/scenes/Scene.o scenes/Scene.cpp
clang++ -c -g -std=c++11 -O3 -Wall -fPIC  -I./ -I/home/badzindagi/dev/eigen -I/usr/local/include/bullet -I/home/badzindagi/dev/bullet3/build_cmake/src -o objs/scenes/SceneKinChar.o scenes/SceneKinChar.cpp
clang++ -c -g -std=c++11 -O3 -Wall -fPIC  -I./ -I/home/badzindagi/dev/eigen -I/usr/local/include/bullet -I/home/badzindagi/dev/bullet3/build_cmake/src -o objs/scenes/DrawSceneKinChar.o scenes/DrawSceneKinChar.cpp
clang++ -c -g -std=c++11 -O3 -Wall -fPIC  -I./ -I/home/badzindagi/dev/eigen -I/usr/local/include/bullet -I/home/badzindagi/dev/bullet3/build_cmake/src -o objs/scenes/SceneSimChar.o scenes/SceneSimChar.cpp
clang++ -c -g -std=c++11 -O3 -Wall -fPIC  -I./ -I/home/badzindagi/dev/eigen -I/usr/local/include/bullet -I/home/badzindagi/dev/bullet3/build_cmake/src -o objs/scenes/RLScene.o scenes/RLScene.cpp
clang++ -c -g -std=c++11 -O3 -Wall -fPIC  -I./ -I/home/badzindagi/dev/eigen -I/usr/local/include/bullet -I/home/badzindagi/dev/bullet3/build_cmake/src -o objs/scenes/RLSceneSimChar.o scenes/RLSceneSimChar.cpp
clang++ -c -g -std=c++11 -O3 -Wall -fPIC  -I./ -I/home/badzindagi/dev/eigen -I/usr/local/include/bullet -I/home/badzindagi/dev/bullet3/build_cmake/src -o objs/scenes/DrawSceneImitate.o scenes/DrawSceneImitate.cpp
clang++ -c -g -std=c++11 -O3 -Wall -fPIC  -I./ -I/home/badzindagi/dev/eigen -I/usr/local/include/bullet -I/home/badzindagi/dev/bullet3/build_cmake/src -o objs/scenes/DrawRLScene.o scenes/DrawRLScene.cpp
clang++ -c -g -std=c++11 -O3 -Wall -fPIC  -I./ -I/home/badzindagi/dev/eigen -I/usr/local/include/bullet -I/home/badzindagi/dev/bullet3/build_cmake/src -o objs/scenes/DrawScene.o scenes/DrawScene.cpp
clang++ -c -g -std=c++11 -O3 -Wall -fPIC  -I./ -I/home/badzindagi/dev/eigen -I/usr/local/include/bullet -I/home/badzindagi/dev/bullet3/build_cmake/src -o objs/scenes/SceneBuilder.o scenes/SceneBuilder.cpp
swig -c++ -python DeepMimicCore.i
clang++ -c -g -std=c++11 -O3 -Wall -fPIC  -I./ -I/home/badzindagi/dev/eigen -I/usr/local/include/bullet -I/home/badzindagi/dev/bullet3/build_cmake/src -lGLEW -lGL -lGLU -lglut -L/usr/local/lib/ -lBulletDynamics -lBulletCollision -lLinearMath -lm -lstdc++ DeepMimicCore.cpp DeepMimicCore_wrap.cxx -I/usr/include/python3.7m
clang++ -shared -lGLEW -lGL -lGLU -lglut -L/usr/local/lib/ -lBulletDynamics -lBulletCollision -lLinearMath -lm -lstdc++ -std=c++11 -O3 -Wall -fPIC  objs/Main.o objs/DeepMimicCore.o objs/util/IndexManager.o objs/util/Timer.o objs/util/Annealer.o objs/util/ArgParser.o objs/util/Trajectory.o objs/util/Rand.o objs/util/MathUtil.o objs/util/FileUtil.o objs/util/JsonUtil.o objs/util/BVHReader.o objs/util/json/json_value.o objs/util/json/json_reader.o objs/util/json/json_writer.o objs/anim/Shape.o objs/anim/KinTree.o objs/anim/Character.o objs/anim/KinCharacter.o objs/anim/Motion.o objs/sim/ExpPDController.o objs/sim/CtController.o objs/sim/Controller.o objs/sim/ImpPDController.o objs/sim/SimObj.o objs/sim/PerturbManager.o objs/sim/RBDUtil.o objs/sim/SimBox.o objs/sim/SpAlg.o objs/sim/SimCapsule.o objs/sim/CharController.o objs/sim/SimBodyLink.o objs/sim/GroundPlane.o objs/sim/DeepMimicCharController.o objs/sim/CtCtrlUtil.o objs/sim/SimCharBuilder.o objs/sim/CtVelController.o objs/sim/AgentRegistry.o objs/sim/SimSphere.o objs/sim/ObjTracer.o objs/sim/CtPDController.o objs/sim/SimPlane.o objs/sim/SimBodyJoint.o objs/sim/GroundBuilder.o objs/sim/World.o objs/sim/SimRigidBody.o objs/sim/MultiBody.o objs/sim/SimCharacter.o objs/sim/PDController.o objs/sim/ContactManager.o objs/sim/CtrlBuilder.o objs/sim/SimCylinder.o objs/sim/SimJoint.o objs/sim/Ground.o objs/sim/RBDModel.o objs/sim/SimCharGeneral.o objs/sim/Perturb.o objs/render/DrawSimCharacter.o objs/render/DrawMesh.o objs/render/DrawPerturb.o objs/render/GraphUtil.o objs/render/DrawCharacter.o objs/render/VertexBuffer.o objs/render/TextureDesc.o objs/render/Camera.o objs/render/DrawObj.o objs/render/MeshUtil.o objs/render/DrawKinTree.o objs/render/TextureUtil.o objs/render/IBuffer.o objs/render/Shader.o objs/render/DrawUtil.o objs/render/DrawWorld.o objs/render/ShadowMap.o objs/render/MatrixStack.o objs/render/DrawGround.o objs/render/lodepng/lodepng_util.o objs/render/lodepng/lodepng.o objs/scenes/DrawSceneSimChar.o objs/scenes/SceneImitate.o objs/scenes/Scene.o objs/scenes/SceneKinChar.o objs/scenes/DrawSceneKinChar.o objs/scenes/SceneSimChar.o objs/scenes/RLScene.o objs/scenes/RLSceneSimChar.o objs/scenes/DrawSceneImitate.o objs/scenes/DrawRLScene.o objs/scenes/DrawScene.o objs/scenes/SceneBuilder.o -Wl,-rpath,/usr/local/lib/,-rpath,/usr/local/cuda-10.2/lib64/,-rpath,/usr/lib/x86_64-linux-gnu/ DeepMimicCore_wrap.o -o _DeepMimicCore.so -L/usr/lib/ -lpython3.7m -Wl,-rpath,"\RIGIN"
